# JRE version: OpenJDK Runtime Environment (8.0_112-b06) (build 1.8.0_112-release-b06)
# Java VM: OpenJDK 64-Bit Server VM (25.112-b06 mixed mode linux-amd64 compressed oops)
Heap:
 PSYoungGen      total 381440K, used 0K [0x00000000e0000000, 0x00000000fff00000, 0x0000000100000000)
  eden space 257024K, 0% used [0x00000000e0000000,0x00000000e0000000,0x00000000efb00000)
  from space 124416K, 0% used [0x00000000efb00000,0x00000000efb00000,0x00000000f7480000)
  to   space 120320K, 0% used [0x00000000f8980000,0x00000000f8980000,0x00000000fff00000)
 ParOldGen       total 839168K, used 485410K [0x00000000a0000000, 0x00000000d3380000, 0x00000000e0000000)
  object space 839168K, 57% used [0x00000000a0000000,0x00000000bda08b68,0x00000000d3380000)
 Metaspace       used 111768K, capacity 116280K, committed 125464K, reserved 1159168K
  class space    used 13942K, capacity 14667K, committed 16432K, reserved 1048576K
GC Heap History (10 events):
Event: 4470,640 GC heap after
Heap after GC invocations=307 (full 72):
 PSYoungGen      total 361472K, used 47489K [0x00000000e0000000, 0x00000000ffc00000, 0x0000000100000000)
  eden space 213504K, 0% used [0x00000000e0000000,0x00000000e0000000,0x00000000ed080000)
  from space 147968K, 32% used [0x00000000ed080000,0x00000000efee0588,0x00000000f6100000)
  to   space 142336K, 0% used [0x00000000f7100000,0x00000000f7100000,0x00000000ffc00000)
 ParOldGen       total 839168K, used 613885K [0x00000000a0000000, 0x00000000d3380000, 0x00000000e0000000)
  object space 839168K, 73% used [0x00000000a0000000,0x00000000c577f550,0x00000000d3380000)
 Metaspace       used 115967K, capacity 120574K, committed 125464K, reserved 1159168K
  class space    used 14504K, capacity 15264K, committed 16432K, reserved 1048576K
}
Event: 4470,875 GC heap before
{Heap before GC invocations=308 (full 72):
 PSYoungGen      total 361472K, used 260993K [0x00000000e0000000, 0x00000000ffc00000, 0x0000000100000000)
  eden space 213504K, 100% used [0x00000000e0000000,0x00000000ed080000,0x00000000ed080000)
  from space 147968K, 32% used [0x00000000ed080000,0x00000000efee0588,0x00000000f6100000)
  to   space 142336K, 0% used [0x00000000f7100000,0x00000000f7100000,0x00000000ffc00000)
 ParOldGen       total 839168K, used 613887K [0x00000000a0000000, 0x00000000d3380000, 0x00000000e0000000)
  object space 839168K, 73% used [0x00000000a0000000,0x00000000c577ffd0,0x00000000d3380000)
 Metaspace       used 115967K, capacity 120574K, committed 125464K, reserved 1159168K
  class space    used 14504K, capacity 15264K, committed 16432K, reserved 1048576K
Event: 4470,914 GC heap after
Heap after GC invocations=308 (full 72):
 PSYoungGen      total 363520K, used 48376K [0x00000000e0000000, 0x00000000fef80000, 0x0000000100000000)
  eden space 233984K, 0% used [0x00000000e0000000,0x00000000e0000000,0x00000000ee480000)
  from space 129536K, 37% used [0x00000000f7100000,0x00000000fa03e1e0,0x00000000fef80000)
  to   space 136704K, 0% used [0x00000000ee480000,0x00000000ee480000,0x00000000f6a00000)
 ParOldGen       total 839168K, used 655509K [0x00000000a0000000, 0x00000000d3380000, 0x00000000e0000000)
  object space 839168K, 78% used [0x00000000a0000000,0x00000000c8025680,0x00000000d3380000)
 Metaspace       used 115967K, capacity 120574K, committed 125464K, reserved 1159168K
  class space    used 14504K, capacity 15264K, committed 16432K, reserved 1048576K
}
Event: 4471,085 GC heap before
{Heap before GC invocations=309 (full 72):
 PSYoungGen      total 363520K, used 282360K [0x00000000e0000000, 0x00000000fef80000, 0x0000000100000000)
  eden space 233984K, 100% used [0x00000000e0000000,0x00000000ee480000,0x00000000ee480000)
  from space 129536K, 37% used [0x00000000f7100000,0x00000000fa03e1e0,0x00000000fef80000)
  to   space 136704K, 0% used [0x00000000ee480000,0x00000000ee480000,0x00000000f6a00000)
 ParOldGen       total 839168K, used 655543K [0x00000000a0000000, 0x00000000d3380000, 0x00000000e0000000)
  object space 839168K, 78% used [0x00000000a0000000,0x00000000c802dc08,0x00000000d3380000)
 Metaspace       used 115967K, capacity 120574K, committed 125464K, reserved 1159168K
  class space    used 14504K, capacity 15264K, committed 16432K, reserved 1048576K
Event: 4471,131 GC heap after
Heap after GC invocations=309 (full 72):
 PSYoungGen      total 370688K, used 50661K [0x00000000e0000000, 0x00000000ffb00000, 0x0000000100000000)
  eden space 233984K, 0% used [0x00000000e0000000,0x00000000e0000000,0x00000000ee480000)
  from space 136704K, 37% used [0x00000000ee480000,0x00000000f15f9730,0x00000000f6a00000)
  to   space 130560K, 0% used [0x00000000f7b80000,0x00000000f7b80000,0x00000000ffb00000)
 ParOldGen       total 839168K, used 699596K [0x00000000a0000000, 0x00000000d3380000, 0x00000000e0000000)
  object space 839168K, 83% used [0x00000000a0000000,0x00000000cab33018,0x00000000d3380000)
 Metaspace       used 115967K, capacity 120574K, committed 125464K, reserved 1159168K
  class space    used 14504K, capacity 15264K, committed 16432K, reserved 1048576K
}
Event: 4471,241 GC heap before
{Heap before GC invocations=310 (full 72):
 PSYoungGen      total 370688K, used 284645K [0x00000000e0000000, 0x00000000ffb00000, 0x0000000100000000)
  eden space 233984K, 100% used [0x00000000e0000000,0x00000000ee480000,0x00000000ee480000)
  from space 136704K, 37% used [0x00000000ee480000,0x00000000f15f9730,0x00000000f6a00000)
  to   space 130560K, 0% used [0x00000000f7b80000,0x00000000f7b80000,0x00000000ffb00000)
 ParOldGen       total 839168K, used 699603K [0x00000000a0000000, 0x00000000d3380000, 0x00000000e0000000)
  object space 839168K, 83% used [0x00000000a0000000,0x00000000cab34c90,0x00000000d3380000)
 Metaspace       used 115967K, capacity 120574K, committed 125464K, reserved 1159168K
  class space    used 14504K, capacity 15264K, committed 16432K, reserved 1048576K
Event: 4471,287 GC heap after
Heap after GC invocations=310 (full 72):
 PSYoungGen      total 374272K, used 54887K [0x00000000e0000000, 0x00000000fee00000, 0x0000000100000000)
  eden space 257024K, 0% used [0x00000000e0000000,0x00000000e0000000,0x00000000efb00000)
  from space 117248K, 46% used [0x00000000f7b80000,0x00000000fb119de0,0x00000000fee00000)
  to   space 124416K, 0% used [0x00000000efb00000,0x00000000efb00000,0x00000000f7480000)
 ParOldGen       total 839168K, used 746060K [0x00000000a0000000, 0x00000000d3380000, 0x00000000e0000000)
  object space 839168K, 88% used [0x00000000a0000000,0x00000000cd8932b0,0x00000000d3380000)
 Metaspace       used 115967K, capacity 120574K, committed 125464K, reserved 1159168K
  class space    used 14504K, capacity 15264K, committed 16432K, reserved 1048576K
}
Event: 4472,513 GC heap before
{Heap before GC invocations=311 (full 72):
 PSYoungGen      total 374272K, used 311911K [0x00000000e0000000, 0x00000000fee00000, 0x0000000100000000)
  eden space 257024K, 100% used [0x00000000e0000000,0x00000000efb00000,0x00000000efb00000)
  from space 117248K, 46% used [0x00000000f7b80000,0x00000000fb119de0,0x00000000fee00000)
  to   space 124416K, 0% used [0x00000000efb00000,0x00000000efb00000,0x00000000f7480000)
 ParOldGen       total 839168K, used 746067K [0x00000000a0000000, 0x00000000d3380000, 0x00000000e0000000)
  object space 839168K, 88% used [0x00000000a0000000,0x00000000cd894c40,0x00000000d3380000)
 Metaspace       used 115971K, capacity 120574K, committed 125464K, reserved 1159168K
  class space    used 14505K, capacity 15264K, committed 16432K, reserved 1048576K
Event: 4472,556 GC heap after
Heap after GC invocations=311 (full 72):
 PSYoungGen      total 381440K, used 46928K [0x00000000e0000000, 0x00000000fff00000, 0x0000000100000000)
  eden space 257024K, 0% used [0x00000000e0000000,0x00000000e0000000,0x00000000efb00000)
  from space 124416K, 37% used [0x00000000efb00000,0x00000000f28d4058,0x00000000f7480000)
  to   space 120320K, 0% used [0x00000000f8980000,0x00000000f8980000,0x00000000fff00000)
 ParOldGen       total 839168K, used 796278K [0x00000000a0000000, 0x00000000d3380000, 0x00000000e0000000)
  object space 839168K, 94% used [0x00000000a0000000,0x00000000d099d8b0,0x00000000d3380000)
 Metaspace       used 115971K, capacity 120574K, committed 125464K, reserved 1159168K
  class space    used 14505K, capacity 15264K, committed 16432K, reserved 1048576K
}
Event: 4472,558 GC heap before
{Heap before GC invocations=312 (full 73):
 PSYoungGen      total 381440K, used 46928K [0x00000000e0000000, 0x00000000fff00000, 0x0000000100000000)
  eden space 257024K, 0% used [0x00000000e0000000,0x00000000e0000000,0x00000000efb00000)
  from space 124416K, 37% used [0x00000000efb00000,0x00000000f28d4058,0x00000000f7480000)
  to   space 120320K, 0% used [0x00000000f8980000,0x00000000f8980000,0x00000000fff00000)
 ParOldGen       total 839168K, used 796278K [0x00000000a0000000, 0x00000000d3380000, 0x00000000e0000000)
  object space 839168K, 94% used [0x00000000a0000000,0x00000000d099d8b0,0x00000000d3380000)
 Metaspace       used 115971K, capacity 120574K, committed 125464K, reserved 1159168K
  class space    used 14505K, capacity 15264K, committed 16432K, reserved 1048576K

