# JRE version: OpenJDK Runtime Environment (8.0_112-b06) (build 1.8.0_112-release-b06)
# Java VM: OpenJDK 64-Bit Server VM (25.112-b06 mixed mode linux-amd64 compressed oops)
Heap:
 PSYoungGen      total 349696K, used 18639K [0x00000000e0000000, 0x0000000100000000, 0x0000000100000000)
  eden space 175104K, 0% used [0x00000000e0000000,0x00000000e0000000,0x00000000eab00000)
  from space 174592K, 10% used [0x00000000eab00000,0x00000000ebd33d58,0x00000000f5580000)
  to   space 174592K, 0% used [0x00000000f5580000,0x00000000f5580000,0x0000000100000000)
 ParOldGen       total 660480K, used 660358K [0x00000000a0000000, 0x00000000c8500000, 0x00000000e0000000)
  object space 660480K, 99% used [0x00000000a0000000,0x00000000c84e1a80,0x00000000c8500000)
 Metaspace       used 110059K, capacity 114398K, committed 115248K, reserved 1148928K
  class space    used 13916K, capacity 14666K, committed 14896K, reserved 1048576K
GC Heap History (10 events):
Event: 1621,719 GC heap after
Heap after GC invocations=33 (full 6):
 PSYoungGen      total 386048K, used 62739K [0x00000000e0000000, 0x0000000100000000, 0x0000000100000000)
  eden space 247808K, 0% used [0x00000000e0000000,0x00000000e0000000,0x00000000ef200000)
  from space 138240K, 45% used [0x00000000ef200000,0x00000000f2f44c50,0x00000000f7900000)
  to   space 134144K, 0% used [0x00000000f7d00000,0x00000000f7d00000,0x0000000100000000)
 ParOldGen       total 660480K, used 489601K [0x00000000a0000000, 0x00000000c8500000, 0x00000000e0000000)
  object space 660480K, 74% used [0x00000000a0000000,0x00000000bde206c0,0x00000000c8500000)
 Metaspace       used 101611K, capacity 105846K, committed 106032K, reserved 1142784K
  class space    used 12857K, capacity 13595K, committed 13616K, reserved 1048576K
}
Event: 1707,150 GC heap before
{Heap before GC invocations=34 (full 6):
 PSYoungGen      total 386048K, used 310547K [0x00000000e0000000, 0x0000000100000000, 0x0000000100000000)
  eden space 247808K, 100% used [0x00000000e0000000,0x00000000ef200000,0x00000000ef200000)
  from space 138240K, 45% used [0x00000000ef200000,0x00000000f2f44c50,0x00000000f7900000)
  to   space 134144K, 0% used [0x00000000f7d00000,0x00000000f7d00000,0x0000000100000000)
 ParOldGen       total 660480K, used 489601K [0x00000000a0000000, 0x00000000c8500000, 0x00000000e0000000)
  object space 660480K, 74% used [0x00000000a0000000,0x00000000bde206c0,0x00000000c8500000)
 Metaspace       used 102750K, capacity 107044K, committed 107184K, reserved 1142784K
  class space    used 12976K, capacity 13720K, committed 13744K, reserved 1048576K
Event: 1707,191 GC heap after
Heap after GC invocations=34 (full 6):
 PSYoungGen      total 359424K, used 113713K [0x00000000e0000000, 0x0000000100000000, 0x0000000100000000)
  eden space 225280K, 0% used [0x00000000e0000000,0x00000000e0000000,0x00000000edc00000)
  from space 134144K, 84% used [0x00000000f7d00000,0x00000000fec0c780,0x0000000100000000)
  to   space 149504K, 0% used [0x00000000edc00000,0x00000000edc00000,0x00000000f6e00000)
 ParOldGen       total 660480K, used 489609K [0x00000000a0000000, 0x00000000c8500000, 0x00000000e0000000)
  object space 660480K, 74% used [0x00000000a0000000,0x00000000bde226c0,0x00000000c8500000)
 Metaspace       used 102750K, capacity 107044K, committed 107184K, reserved 1142784K
  class space    used 12976K, capacity 13720K, committed 13744K, reserved 1048576K
}
Event: 1851,277 GC heap before
{Heap before GC invocations=35 (full 6):
 PSYoungGen      total 359424K, used 338993K [0x00000000e0000000, 0x0000000100000000, 0x0000000100000000)
  eden space 225280K, 100% used [0x00000000e0000000,0x00000000edc00000,0x00000000edc00000)
  from space 134144K, 84% used [0x00000000f7d00000,0x00000000fec0c780,0x0000000100000000)
  to   space 149504K, 0% used [0x00000000edc00000,0x00000000edc00000,0x00000000f6e00000)
 ParOldGen       total 660480K, used 489609K [0x00000000a0000000, 0x00000000c8500000, 0x00000000e0000000)
  object space 660480K, 74% used [0x00000000a0000000,0x00000000bde226c0,0x00000000c8500000)
 Metaspace       used 106100K, capacity 110576K, committed 110768K, reserved 1146880K
  class space    used 13419K, capacity 14188K, committed 14256K, reserved 1048576K
Event: 1851,322 GC heap after
Heap after GC invocations=35 (full 6):
 PSYoungGen      total 365056K, used 139392K [0x00000000e0000000, 0x0000000100000000, 0x0000000100000000)
  eden space 225280K, 0% used [0x00000000e0000000,0x00000000e0000000,0x00000000edc00000)
  from space 139776K, 99% used [0x00000000edc00000,0x00000000f6420338,0x00000000f6480000)
  to   space 159232K, 0% used [0x00000000f6480000,0x00000000f6480000,0x0000000100000000)
 ParOldGen       total 660480K, used 489617K [0x00000000a0000000, 0x00000000c8500000, 0x00000000e0000000)
  object space 660480K, 74% used [0x00000000a0000000,0x00000000bde246c0,0x00000000c8500000)
 Metaspace       used 106100K, capacity 110576K, committed 110768K, reserved 1146880K
  class space    used 13419K, capacity 14188K, committed 14256K, reserved 1048576K
}
Event: 1852,096 GC heap before
{Heap before GC invocations=36 (full 6):
 PSYoungGen      total 365056K, used 364672K [0x00000000e0000000, 0x0000000100000000, 0x0000000100000000)
  eden space 225280K, 100% used [0x00000000e0000000,0x00000000edc00000,0x00000000edc00000)
  from space 139776K, 99% used [0x00000000edc00000,0x00000000f6420338,0x00000000f6480000)
  to   space 159232K, 0% used [0x00000000f6480000,0x00000000f6480000,0x0000000100000000)
 ParOldGen       total 660480K, used 489617K [0x00000000a0000000, 0x00000000c8500000, 0x00000000e0000000)
  object space 660480K, 74% used [0x00000000a0000000,0x00000000bde246c0,0x00000000c8500000)
 Metaspace       used 110300K, capacity 114766K, committed 114864K, reserved 1148928K
  class space    used 13963K, capacity 14761K, committed 14768K, reserved 1048576K
Event: 1852,196 GC heap after
Heap after GC invocations=36 (full 6):
 PSYoungGen      total 334336K, used 159217K [0x00000000e0000000, 0x0000000100000000, 0x0000000100000000)
  eden space 175104K, 0% used [0x00000000e0000000,0x00000000e0000000,0x00000000eab00000)
  from space 159232K, 99% used [0x00000000f6480000,0x00000000ffffc7d8,0x0000000100000000)
  to   space 174592K, 0% used [0x00000000eab00000,0x00000000eab00000,0x00000000f5580000)
 ParOldGen       total 660480K, used 546528K [0x00000000a0000000, 0x00000000c8500000, 0x00000000e0000000)
  object space 660480K, 82% used [0x00000000a0000000,0x00000000c15b82f0,0x00000000c8500000)
 Metaspace       used 110300K, capacity 114766K, committed 114864K, reserved 1148928K
  class space    used 13963K, capacity 14761K, committed 14768K, reserved 1048576K
}
Event: 2175,248 GC heap before
{Heap before GC invocations=37 (full 6):
 PSYoungGen      total 334336K, used 334321K [0x00000000e0000000, 0x0000000100000000, 0x0000000100000000)
  eden space 175104K, 100% used [0x00000000e0000000,0x00000000eab00000,0x00000000eab00000)
  from space 159232K, 99% used [0x00000000f6480000,0x00000000ffffc7d8,0x0000000100000000)
  to   space 174592K, 0% used [0x00000000eab00000,0x00000000eab00000,0x00000000f5580000)
 ParOldGen       total 660480K, used 546528K [0x00000000a0000000, 0x00000000c8500000, 0x00000000e0000000)
  object space 660480K, 82% used [0x00000000a0000000,0x00000000c15b82f0,0x00000000c8500000)
 Metaspace       used 110425K, capacity 114988K, committed 115248K, reserved 1148928K
  class space    used 13972K, capacity 14770K, committed 14896K, reserved 1048576K
Event: 2175,309 GC heap after
Heap after GC invocations=37 (full 6):
 PSYoungGen      total 349696K, used 98385K [0x00000000e0000000, 0x0000000100000000, 0x0000000100000000)
  eden space 175104K, 0% used [0x00000000e0000000,0x00000000e0000000,0x00000000eab00000)
  from space 174592K, 56% used [0x00000000eab00000,0x00000000f0b14760,0x00000000f5580000)
  to   space 174592K, 0% used [0x00000000f5580000,0x00000000f5580000,0x0000000100000000)
 ParOldGen       total 660480K, used 603732K [0x00000000a0000000, 0x00000000c8500000, 0x00000000e0000000)
  object space 660480K, 91% used [0x00000000a0000000,0x00000000c4d95198,0x00000000c8500000)
 Metaspace       used 110425K, capacity 114988K, committed 115248K, reserved 1148928K
  class space    used 13972K, capacity 14770K, committed 14896K, reserved 1048576K
}
Event: 2175,309 GC heap before
{Heap before GC invocations=38 (full 7):
 PSYoungGen      total 349696K, used 98385K [0x00000000e0000000, 0x0000000100000000, 0x0000000100000000)
  eden space 175104K, 0% used [0x00000000e0000000,0x00000000e0000000,0x00000000eab00000)
  from space 174592K, 56% used [0x00000000eab00000,0x00000000f0b14760,0x00000000f5580000)
  to   space 174592K, 0% used [0x00000000f5580000,0x00000000f5580000,0x0000000100000000)
 ParOldGen       total 660480K, used 603732K [0x00000000a0000000, 0x00000000c8500000, 0x00000000e0000000)
  object space 660480K, 91% used [0x00000000a0000000,0x00000000c4d95198,0x00000000c8500000)
 Metaspace       used 110425K, capacity 114988K, committed 115248K, reserved 1148928K
  class space    used 13972K, capacity 14770K, committed 14896K, reserved 1048576K

